[debug] [2024-02-05T07:54:01.058Z] ----------------------------------------------------------------------
[debug] [2024-02-05T07:54:01.061Z] Command:       /Users/yamauchi/.volta/tools/image/node/18.16.1/bin/node /Users/yamauchi/.volta/tools/image/packages/firebase-tools/bin/firebase deploy --only functions
[debug] [2024-02-05T07:54:01.061Z] CLI Version:   13.0.3
[debug] [2024-02-05T07:54:01.062Z] Platform:      darwin
[debug] [2024-02-05T07:54:01.062Z] Node Version:  v18.16.1
[debug] [2024-02-05T07:54:01.073Z] Time:          Mon Feb 05 2024 16:54:01 GMT+0900 (日本標準時)
[debug] [2024-02-05T07:54:01.073Z] ----------------------------------------------------------------------
[debug] 
[debug] [2024-02-05T07:54:01.155Z] Object "" in "firebase.json" has unknown property: {"additionalProperty":"region"}
[debug] [2024-02-05T07:54:01.163Z] > command requires scopes: ["email","openid","https://www.googleapis.com/auth/cloudplatformprojects.readonly","https://www.googleapis.com/auth/firebase","https://www.googleapis.com/auth/cloud-platform"]
[debug] [2024-02-05T07:54:01.163Z] > authorizing via signed-in user (pecopon24@gmail.com)
[debug] [2024-02-05T07:54:01.163Z] [iam] checking project osakabenkyokai for permissions ["cloudfunctions.functions.create","cloudfunctions.functions.delete","cloudfunctions.functions.get","cloudfunctions.functions.list","cloudfunctions.functions.update","cloudfunctions.operations.get","firebase.projects.get"]
[debug] [2024-02-05T07:54:01.166Z] >>> [apiv2][query] POST https://cloudresourcemanager.googleapis.com/v1/projects/osakabenkyokai:testIamPermissions [none]
[debug] [2024-02-05T07:54:01.166Z] >>> [apiv2][(partial)header] POST https://cloudresourcemanager.googleapis.com/v1/projects/osakabenkyokai:testIamPermissions x-goog-quota-user=projects/osakabenkyokai
[debug] [2024-02-05T07:54:01.166Z] >>> [apiv2][body] POST https://cloudresourcemanager.googleapis.com/v1/projects/osakabenkyokai:testIamPermissions {"permissions":["cloudfunctions.functions.create","cloudfunctions.functions.delete","cloudfunctions.functions.get","cloudfunctions.functions.list","cloudfunctions.functions.update","cloudfunctions.operations.get","firebase.projects.get"]}
[debug] [2024-02-05T07:54:02.076Z] <<< [apiv2][status] POST https://cloudresourcemanager.googleapis.com/v1/projects/osakabenkyokai:testIamPermissions 200
[debug] [2024-02-05T07:54:02.077Z] <<< [apiv2][body] POST https://cloudresourcemanager.googleapis.com/v1/projects/osakabenkyokai:testIamPermissions {"permissions":["cloudfunctions.functions.create","cloudfunctions.functions.delete","cloudfunctions.functions.get","cloudfunctions.functions.list","cloudfunctions.functions.update","cloudfunctions.operations.get","firebase.projects.get"]}
[debug] [2024-02-05T07:54:02.077Z] >>> [apiv2][query] POST https://iam.googleapis.com/v1/projects/osakabenkyokai/serviceAccounts/osakabenkyokai@appspot.gserviceaccount.com:testIamPermissions [none]
[debug] [2024-02-05T07:54:02.078Z] >>> [apiv2][body] POST https://iam.googleapis.com/v1/projects/osakabenkyokai/serviceAccounts/osakabenkyokai@appspot.gserviceaccount.com:testIamPermissions {"permissions":["iam.serviceAccounts.actAs"]}
[debug] [2024-02-05T07:54:03.192Z] <<< [apiv2][status] POST https://iam.googleapis.com/v1/projects/osakabenkyokai/serviceAccounts/osakabenkyokai@appspot.gserviceaccount.com:testIamPermissions 200
[debug] [2024-02-05T07:54:03.192Z] <<< [apiv2][body] POST https://iam.googleapis.com/v1/projects/osakabenkyokai/serviceAccounts/osakabenkyokai@appspot.gserviceaccount.com:testIamPermissions {"permissions":["iam.serviceAccounts.actAs"]}
[info] 
[info] === Deploying to 'osakabenkyokai'...
[info] 
[info] i  deploying functions 
[info] Running command: npm --prefix "$RESOURCE_DIR" run lint
[info] Running command: npm --prefix "$RESOURCE_DIR" run build
[info] ✔  functions: Finished running predeploy script. 
[debug] [2024-02-05T07:54:20.910Z] >>> [apiv2][query] GET https://firebase.googleapis.com/v1beta1/projects/osakabenkyokai [none]
